1526498162.737273 client started (18438): version 2.6, socket /private/tmp/tmux-502/default, protocol 8
1526498162.737338 on Darwin 17.5.0 Darwin Kernel Version 17.5.0: Fri Apr 13 19:32:32 PDT 2018; root:xnu-4570.51.2~1/RELEASE_X86_64; libevent 2.1.8-stable (select)
1526498162.737396 socket is /private/tmp/tmux-502/default
1526498162.737423 trying connect
1526498162.737544 add peer 0x7ff685811000: 6 (0x0)
1526498162.739283 sending message 100 to peer 0x7ff685811000 (4 bytes)
1526498162.739304 sending message 101 to peer 0x7ff685811000 (7 bytes)
1526498162.739313 sending message 102 to peer 0x7ff685811000 (13 bytes)
1526498162.739322 sending message 108 to peer 0x7ff685811000 (60 bytes)
1526498162.739340 sending message 104 to peer 0x7ff685811000 (0 bytes)
1526498162.739349 sending message 107 to peer 0x7ff685811000 (4 bytes)
1526498162.739357 sending message 105 to peer 0x7ff685811000 (76 bytes)
1526498162.739365 sending message 105 to peer 0x7ff685811000 (15 bytes)
1526498162.739373 sending message 105 to peer 0x7ff685811000 (20 bytes)
1526498162.739381 sending message 105 to peer 0x7ff685811000 (22 bytes)
1526498162.739389 sending message 105 to peer 0x7ff685811000 (17 bytes)
1526498162.739397 sending message 105 to peer 0x7ff685811000 (22 bytes)
1526498162.739405 sending message 105 to peer 0x7ff685811000 (61 bytes)
1526498162.739413 sending message 105 to peer 0x7ff685811000 (17 bytes)
1526498162.739421 sending message 105 to peer 0x7ff685811000 (21 bytes)
1526498162.739429 sending message 105 to peer 0x7ff685811000 (8 bytes)
1526498162.739437 sending message 105 to peer 0x7ff685811000 (13 bytes)
1526498162.739444 sending message 105 to peer 0x7ff685811000 (32 bytes)
1526498162.739453 sending message 105 to peer 0x7ff685811000 (67 bytes)
1526498162.739460 sending message 105 to peer 0x7ff685811000 (11 bytes)
1526498162.739468 sending message 105 to peer 0x7ff685811000 (134 bytes)
1526498162.739476 sending message 105 to peer 0x7ff685811000 (64 bytes)
1526498162.739484 sending message 105 to peer 0x7ff685811000 (24 bytes)
1526498162.739492 sending message 105 to peer 0x7ff685811000 (15 bytes)
1526498162.739500 sending message 105 to peer 0x7ff685811000 (8 bytes)
1526498162.739508 sending message 105 to peer 0x7ff685811000 (66 bytes)
1526498162.739516 sending message 105 to peer 0x7ff685811000 (12 bytes)
1526498162.739524 sending message 105 to peer 0x7ff685811000 (23 bytes)
1526498162.739532 sending message 105 to peer 0x7ff685811000 (27 bytes)
1526498162.739540 sending message 105 to peer 0x7ff685811000 (60 bytes)
1526498162.739548 sending message 105 to peer 0x7ff685811000 (57 bytes)
1526498162.739559 sending message 105 to peer 0x7ff685811000 (43 bytes)
1526498162.739568 sending message 105 to peer 0x7ff685811000 (13 bytes)
1526498162.739576 sending message 105 to peer 0x7ff685811000 (19 bytes)
1526498162.739583 sending message 105 to peer 0x7ff685811000 (10 bytes)
1526498162.739591 sending message 105 to peer 0x7ff685811000 (14 bytes)
1526498162.739599 sending message 105 to peer 0x7ff685811000 (19 bytes)
1526498162.739607 sending message 105 to peer 0x7ff685811000 (27 bytes)
1526498162.739615 sending message 105 to peer 0x7ff685811000 (32 bytes)
1526498162.739623 sending message 105 to peer 0x7ff685811000 (22 bytes)
1526498162.739631 sending message 105 to peer 0x7ff685811000 (17 bytes)
1526498162.739638 sending message 105 to peer 0x7ff685811000 (15 bytes)
1526498162.739646 sending message 106 to peer 0x7ff685811000 (0 bytes)
1526498162.739658 sending message 200 to peer 0x7ff685811000 (4 bytes)
1526498162.739666 client loop enter
1526498162.739989 peer 0x7ff685811000 message 211
1526498162.740021 peer 0x7ff685811000 message 203
1526498162.740048 client loop exit
